TN:
SF:F:\Proyectos\weather\src\polyfills.ts
FNF:0
FNH:0
LF:0
LH:0
BRF:0
BRH:0
end_of_record
TN:
SF:F:\Proyectos\weather\src\test.ts
FNF:0
FNH:0
DA:13,1
DA:18,1
DA:20,1
LF:3
LH:3
BRF:0
BRH:0
end_of_record
TN:
SF:F:\Proyectos\weather\src\app\app.component.ts
FNF:0
FNH:0
DA:9,1
LF:1
LH:1
BRF:0
BRH:0
end_of_record
TN:
SF:F:\Proyectos\weather\src\app\core\services\weather-api.service.ts
FN:22,(anonymous_0)
FN:27,(anonymous_1)
FN:34,(anonymous_2)
FN:40,(anonymous_3)
FNF:4
FNH:4
FNDA:8,(anonymous_0)
FNDA:30,(anonymous_1)
FNDA:7,(anonymous_2)
FNDA:1,(anonymous_3)
DA:12,1
DA:14,8
DA:17,8
DA:23,8
DA:28,30
DA:29,30
DA:35,7
DA:36,7
DA:41,1
DA:42,1
DA:43,1
DA:44,1
DA:45,1
DA:47,1
DA:55,1
LF:15
LH:15
BRF:0
BRH:0
end_of_record
TN:
SF:F:\Proyectos\weather\src\app\public\home\home.component.ts
FN:36,(anonymous_0)
FN:41,(anonymous_1)
FN:53,(anonymous_2)
FNF:3
FNH:3
FNDA:6,(anonymous_0)
FNDA:6,(anonymous_1)
FNDA:1,(anonymous_2)
DA:28,1
DA:37,6
DA:42,6
DA:49,6
DA:54,1
LF:5
LH:5
BRF:0
BRH:0
end_of_record
TN:
SF:F:\Proyectos\weather\src\app\shared\components\index.ts
FNF:0
FNH:0
LF:0
LH:0
BRF:0
BRH:0
end_of_record
TN:
SF:F:\Proyectos\weather\src\app\shared\components\city-card\city-card.component.ts
FN:19,(anonymous_0)
FN:22,(anonymous_1)
FNF:2
FNH:2
FNDA:2,(anonymous_0)
FNDA:2,(anonymous_1)
DA:14,1
DA:16,1
LF:2
LH:2
BRF:0
BRH:0
end_of_record
TN:
SF:F:\Proyectos\weather\src\app\shared\components\city-forecast\city-forecast.component.ts
FN:21,(anonymous_0)
FN:24,(anonymous_1)
FN:29,(anonymous_2)
FN:31,(anonymous_3)
FN:32,(anonymous_4)
FN:33,(anonymous_5)
FNF:6
FNH:6
FNDA:2,(anonymous_0)
FNDA:2,(anonymous_1)
FNDA:2,(anonymous_2)
FNDA:2,(anonymous_3)
FNDA:2,(anonymous_4)
FNDA:2,(anonymous_5)
DA:13,1
DA:15,1
DA:25,2
DA:30,2
DA:31,2
DA:32,2
DA:33,2
DA:34,2
DA:35,2
DA:39,2
LF:10
LH:10
BRF:0
BRH:0
end_of_record
TN:
SF:F:\Proyectos\weather\src\app\shared\pipes\truncate.pipe.ts
FN:11,(anonymous_0)
FNF:1
FNH:1
FNDA:7,(anonymous_0)
DA:9,1
DA:12,7
LF:2
LH:2
BRDA:11,0,0,1
BRDA:11,1,0,4
BRDA:12,2,0,4
BRDA:12,2,1,3
BRF:4
BRH:4
end_of_record
TN:
SF:F:\Proyectos\weather\src\assets\mocks\city-Info.mock.ts
FNF:0
FNH:0
DA:4,1
LF:1
LH:1
BRF:0
BRH:0
end_of_record
TN:
SF:F:\Proyectos\weather\src\assets\mocks\city-forecast.mock.ts
FNF:0
FNH:0
DA:4,1
LF:1
LH:1
BRF:0
BRH:0
end_of_record
TN:
SF:F:\Proyectos\weather\src\assets\mocks\index.ts
FNF:0
FNH:0
LF:0
LH:0
BRF:0
BRH:0
end_of_record
TN:
SF:F:\Proyectos\weather\src\environments\environment.prod.ts
FNF:0
FNH:0
DA:5,1
LF:1
LH:1
BRF:0
BRH:0
end_of_record
